18-09-20 10:29:41	Ce journal contient des informations sur l'importation du schéma dans le projet 'Database' sur l'ordinateur 'DESKTOP-NG53FCH' par l'utilisateur 'hilys'.
18-09-20 10:29:41	L'importation du schéma de base de données a commencé.
18-09-20 10:29:46	Collecte des informations d'identification à la base de données
18-09-20 10:29:46	Collecte des options de la base de données
18-09-20 10:29:46	Collecte de l'option de configuration étendue à la base de données générique
18-09-20 10:29:46	Collecte des utilisateurs
18-09-20 10:29:46	Collecte des rôles
18-09-20 10:29:46	Collecte des rôles d'application
18-09-20 10:29:46	Collecte des appartenances aux rôles
18-09-20 10:29:46	Collecte des groupes de fichiers
18-09-20 10:29:46	Collecte des catalogues de recherche en texte intégral
18-09-20 10:29:46	Collecte des assemblys
18-09-20 10:29:46	Collecte des certificats
18-09-20 10:29:46	Collecte des clés asymétriques
18-09-20 10:29:46	Collecte des clés symétriques
18-09-20 10:29:46	Collecte des clés symétriques chiffrées
18-09-20 10:29:46	Collecte des schémas
18-09-20 10:29:46	Collecte des collections de schémas XML
18-09-20 10:29:46	Collecte des types de données définis par l'utilisateur
18-09-20 10:29:46	Collecte des types définis par l'utilisateur
18-09-20 10:29:46	Collecte des types de tables
18-09-20 10:29:46	Collecte des clés uniques des types de tables
18-09-20 10:29:46	Collecte des clés primaires pour les types de tables
18-09-20 10:29:46	Collecte d'index pour types de tables
18-09-20 10:29:47	Collecte des contraintes de validation pour les types de tables
18-09-20 10:29:47	Collecte des contraintes par défaut pour les types de tables
18-09-20 10:29:47	Collecte des fonctions de partition
18-09-20 10:29:47	Collecte des schémas de partition
18-09-20 10:29:47	Collecte des fonctions
18-09-20 10:29:47	Collecte de fonctions cryptées
18-09-20 10:29:47	Collecte des agrégats
18-09-20 10:29:47	Collecte des procédures
18-09-20 10:29:47	Collecte de procédures cryptées
18-09-20 10:29:47	Collecte des tables
18-09-20 10:29:47	Collecte des clés primaires
18-09-20 10:29:47	Collecte des contraintes uniques
18-09-20 10:29:47	Collecte des clés étrangères
18-09-20 10:29:47	Collecte des contraintes par défaut
18-09-20 10:29:47	Collecte des contraintes de validation
18-09-20 10:29:47	Collecte des vues
18-09-20 10:29:47	Collecte de vues cryptées
18-09-20 10:29:47	Collecte des index
18-09-20 10:29:47	Collecte des statistiques
18-09-20 10:29:47	Collecte des listes de mots vides d'index de recherche en texte intégral
18-09-20 10:29:47	Collecte des listes de propriétés de recherche
18-09-20 10:29:47	Collecte des propriétés de recherche
18-09-20 10:29:47	Collecte des index de recherche en texte intégral
18-09-20 10:29:47	Collecte des index de la banque de colonnes
18-09-20 10:29:47	Collecte des index spatiaux
18-09-20 10:29:47	Collecte des index XML
18-09-20 10:29:47	Collecte d'index XML sélectifs
18-09-20 10:29:47	Collecte de déclencheurs cryptés
18-09-20 10:29:47	Collecte des déclencheurs
18-09-20 10:29:47	Collecte des déclencheurs chiffrés et DDL CLR
18-09-20 10:29:47	Collecte des DDL triggers
18-09-20 10:29:47	Création de contraintes d'arête
18-09-20 10:29:47	Collecte des synonymes
18-09-20 10:29:47	Collecte des valeurs par défaut
18-09-20 10:29:47	Collecte des liaisons UDDT de contrainte de données
18-09-20 10:29:47	Collecte des règles
18-09-20 10:29:47	Collecte des liaisons UDDT de contrainte de données
18-09-20 10:29:47	Collecte des types de messages
18-09-20 10:29:47	Collecte des files d'attente
18-09-20 10:29:47	Collecte des contrats
18-09-20 10:29:47	Collecte des services
18-09-20 10:29:47	Collecte des notifications d'événements
18-09-20 10:29:47	Collecte des liaisons de service distant
18-09-20 10:29:47	Collecte des priorités de Service Broker
18-09-20 10:29:47	Collecte des signatures
18-09-20 10:29:47	Collection des options de compression de données
18-09-20 10:29:47	Collecte des types de séquences
18-09-20 10:29:47	Collecte des stratégies de sécurité
18-09-20 10:29:47	Collecter les clés de chiffrement de colonne
18-09-20 10:29:47	Collecte des clés principales de colonne
18-09-20 10:29:47	Collecte des sources de données externes
18-09-20 10:29:47	Collecte des formats de fichier externes
18-09-20 10:29:47	Collecte des tables externes
18-09-20 10:29:47	Collection des propriétés étendues
18-09-20 10:29:47	Collecte des informations d'identification
18-09-20 10:29:47	Collecte des connexions
18-09-20 10:29:47	Collecte des audits du serveur
18-09-20 10:29:47	Analyse du projet à la recherche des éléments en double
18-09-20 10:29:47	Fin du traitement des éléments en double
18-09-20 10:29:48	Importation de la base de données terminée.
18-09-20 10:29:48	Un résumé de l'opération d'importation a été enregistré à l'emplacement suivant : C:\Users\hilys\source\repos\ProjetAsp.Database\Database\Importer les journaux de schémas\Database_20200918082941.log.
18-09-20 10:29:48	Cliquez sur Terminer pour continuer...
